{
  "RSpec": {
    "coverage": {
      "/home/ec2-user/environment/hw-acceptance-unit-test-cycle/app/helpers/application_helper.rb": [
        1,
        null
      ],
      "/home/ec2-user/environment/hw-acceptance-unit-test-cycle/app/helpers/movies_helper.rb": [
        1,
        null,
        1,
        0,
        null,
        null
      ],
      "/home/ec2-user/environment/hw-acceptance-unit-test-cycle/app/controllers/movies_controller.rb": [
        0,
        null,
        0,
        0,
        0,
        null,
        0,
        0,
        0,
        null,
        0,
        null,
        0,
        0,
        0,
        0,
        0,
        0,
        0,
        0,
        0,
        0,
        null,
        0,
        0,
        0,
        null,
        0,
        0,
        0,
        0,
        0,
        0,
        0,
        null,
        0,
        null,
        0,
        null,
        0,
        0,
        0,
        0,
        0,
        null,
        0,
        0,
        0,
        null,
        0,
        0,
        0,
        0,
        0,
        0,
        null,
        0,
        0,
        0,
        0,
        0,
        0,
        null,
        0,
        0,
        0,
        0,
        0,
        0,
        0,
        0,
        null,
        0
      ],
      "/home/ec2-user/environment/hw-acceptance-unit-test-cycle/app/controllers/application_controller.rb": [
        0,
        0,
        0
      ],
      "/home/ec2-user/environment/hw-acceptance-unit-test-cycle/app/models/movie.rb": [
        0,
        0,
        0,
        0,
        0
      ]
    },
    "timestamp": 1571715507
  }
}
